{"timestamp": "2026-07-14T16:14:01.636320+00:00", "pair": "ETH", "engine": "S1", "bias": "LONG", "kill_reason": "HTF_CONFLICT", "signal_score": 0.73}
{"timestamp": "2026-07-14T16:14:07.958590+00:00", "pair": "XDG", "engine": "S1", "bias": "LONG", "kill_reason": "HTF_CONFLICT", "signal_score": 0.69}
{"timestamp": "2026-07-14T16:14:12.143758+00:00", "pair": "ALGO", "engine": "S1", "bias": "LONG", "kill_reason": "HTF_CONFLICT", "signal_score": 0.71}
{"timestamp": "2026-07-14T16:14:32.388904+00:00", "pair": "XBT", "engine": "S1", "bias": "LONG", "kill_reason": "HTF_CONFLICT", "signal_score": 0.828}
{"timestamp": "2026-07-14T16:14:35.528519+00:00", "pair": "BNB", "engine": "S1", "bias": "LONG", "kill_reason": "HTF_CONFLICT", "signal_score": 0.852}
{"timestamp": "2026-07-14T16:14:40.854304+00:00", "pair": "WBTC", "engine": "S1", "bias": "LONG", "kill_reason": "HTF_CONFLICT", "signal_score": 0.852}
{"timestamp": "2026-07-14T16:36:16.361646+00:00", "pair": "B3", "engine": "S1", "bias": "LONG", "kill_reason": "HTF_CONFLICT", "signal_score": 0.5104}
{"timestamp": "2026-07-14T16:36:43.031234+00:00", "pair": "EGLD", "engine": "S1", "bias": "LONG", "kill_reason": "HTF_CONFLICT", "signal_score": 0.65}
{"timestamp": "2026-07-14T16:36:55.862183+00:00", "pair": "SHX", "engine": "S1", "bias": "LONG", "kill_reason": "HTF_CONFLICT", "signal_score": 0.7235}
{"timestamp": "2026-07-14T16:37:10.767628+00:00", "pair": "CRV", "engine": "S1", "bias": "LONG", "kill_reason": "HTF_CONFLICT", "signal_score": 0.876}
{"timestamp": "2026-07-14T16:37:14.752524+00:00", "pair": "CVX", "engine": "S1", "bias": "LONG", "kill_reason": "HTF_CONFLICT", "signal_score": 0.73}
{"timestamp": "2026-07-14T16:37:19.361091+00:00", "pair": "BCN", "engine": "S1", "bias": "LONG", "kill_reason": "HTF_CONFLICT", "signal_score": 0.71}
{"timestamp": "2026-07-14T16:37:21.530666+00:00", "pair": "ENA", "engine": "S1", "bias": "LONG", "kill_reason": "HTF_CONFLICT", "signal_score": 0.73}
{"timestamp": "2026-07-14T16:37:29.089752+00:00", "pair": "INJ", "engine": "S1", "bias": "LONG", "kill_reason": "HTF_CONFLICT", "signal_score": 0.9}
{"timestamp": "2026-07-14T16:37:40.655417+00:00", "pair": "PEPE", "engine": "S1", "bias": "LONG", "kill_reason": "HTF_CONFLICT", "signal_score": 0.7656}
{"timestamp": "2026-07-14T16:38:19.462743+00:00", "pair": "SUI", "engine": "S1", "bias": "LONG", "kill_reason": "HTF_CONFLICT", "signal_score": 0.54}
{"timestamp": "2026-07-14T16:38:21.287740+00:00", "pair": "FET", "engine": "S1", "bias": "LONG", "kill_reason": "HTF_CONFLICT", "signal_score": 0.71}
{"timestamp": "2026-07-14T16:38:29.888400+00:00", "pair": "LINK", "engine": "S1", "bias": "LONG", "kill_reason": "HTF_CONFLICT", "signal_score": 0.876}
{"timestamp": "2026-07-14T16:38:48.747106+00:00", "pair": "ETH", "engine": "S1", "bias": "LONG", "kill_reason": "HTF_CONFLICT", "signal_score": 0.73}
{"timestamp": "2026-07-14T16:38:53.402872+00:00", "pair": "XDG", "engine": "S1", "bias": "LONG", "kill_reason": "HTF_CONFLICT", "signal_score": 0.5092}
{"timestamp": "2026-07-14T16:38:57.685332+00:00", "pair": "ALGO", "engine": "S1", "bias": "LONG", "kill_reason": "HTF_CONFLICT", "signal_score": 0.56}
{"timestamp": "2026-07-14T16:39:22.936805+00:00", "pair": "XBT", "engine": "S1", "bias": "LONG", "kill_reason": "HTF_CONFLICT", "signal_score": 0.8373}
{"timestamp": "2026-07-14T16:39:25.080070+00:00", "pair": "WBTC", "engine": "S1", "bias": "LONG", "kill_reason": "HTF_CONFLICT", "signal_score": 0.54}
{"timestamp": "2026-07-14T16:39:30.148455+00:00", "pair": "BNB", "engine": "S1", "bias": "LONG", "kill_reason": "HTF_CONFLICT", "signal_score": 0.71}
